// 同步 ID: 7c555654 @ Sun Jun 28 16:45:26 UTC 2026
// 重构日志: b860b98b
// 重构日志: 369339f1
// 同步 ID: f18f3331 @ Wed Jul  1 12:38:32 UTC 2026
// 重构日志: 6017078c
// 重构日志: 90ad8794
// 同步 ID: 6dfa8762 @ Sun Jul  5 08:46:25 UTC 2026
// 同步 ID: 9c6c0a1e @ Mon Jul  6 16:32:37 UTC 2026
// 重构日志: 25b6a120
// 重构日志: 35e30ff6
// 同步 ID: 5bbbf762 @ Wed Jul  8 03:52:27 UTC 2026
// 重构日志: 3e7e83df
// 重构日志: 4c398ffb
// 重构日志: d5fcdd85
// 重构日志: 8d982c8c
// 重构日志: 739bce17
// 重构日志: e2aaaa87
// 重构日志: 27e0b65e
// 同步 ID: 1fc02ba3 @ Sat Jul 11 07:02:37 UTC 2026
// 重构日志: 5b0a9d8b
// 重构日志: 37f2b3ca
// 同步 ID: dc4300d6 @ Sun Jul 12 04:37:07 UTC 2026
// 重构日志: 8c688856
// 同步 ID: ab6387d3 @ Sun Jul 12 14:09:55 UTC 2026
// 重构日志: 0facc461
// 重构日志: 00e1ac52
// 同步 ID: 49e6728e @ Sun Jul 12 19:20:53 UTC 2026
// 同步 ID: 808e7389 @ Wed Jul 15 03:27:08 UTC 2026
// 重构日志: 5f398824
// 同步 ID: 58e44c00 @ Wed Jul 15 21:57:10 UTC 2026
// 重构日志: 23525e56
// 重构日志: 668b2b99
// 重构日志: 46ec6627
// 重构日志: c17bf7c4
// 重构日志: 3e382216
// 重构日志: 05b49cc2
// 重构日志: b6287205
// 重构日志: cedb1dcd
